<?xml version="1.0" encoding="UTF-8"?>
<!-- Generated by org.testng.reporters.JUnitXMLReporter -->
<testsuite ignored="0" hostname="ShwetaHome" failures="1" tests="5" name="Test" time="12.426" errors="0" timestamp="2022-10-28T11:39:15 PDT">
  <testcase classname="com.Api_tests.Api_TestCases" name="TC_01Get" time="8.183">
    <failure type="java.lang.RuntimeException" message="com.fasterxml.jackson.databind.exc.MismatchedInputException: Cannot deserialize value of type `[Lcom.Tests.Models.ConvertResponseToPojo;` from Object value (token `JsonToken.START_OBJECT`)
 at [Source: (String)&amp;quot;{&amp;quot;status&amp;quot;:&amp;quot;success&amp;quot;,&amp;quot;data&amp;quot;:[{&amp;quot;id&amp;quot;:1,&amp;quot;employee_name&amp;quot;:&amp;quot;Tiger Nixon&amp;quot;,&amp;quot;employee_salary&amp;quot;:320800,&amp;quot;employee_age&amp;quot;:61,&amp;quot;profile_image&amp;quot;:&amp;quot;&amp;quot;},{&amp;quot;id&amp;quot;:2,&amp;quot;employee_name&amp;quot;:&amp;quot;Garrett Winters&amp;quot;,&amp;quot;employee_salary&amp;quot;:170750,&amp;quot;employee_age&amp;quot;:63,&amp;quot;profile_image&amp;quot;:&amp;quot;&amp;quot;},{&amp;quot;id&amp;quot;:3,&amp;quot;employee_name&amp;quot;:&amp;quot;Ashton Cox&amp;quot;,&amp;quot;employee_salary&amp;quot;:86000,&amp;quot;employee_age&amp;quot;:66,&amp;quot;profile_image&amp;quot;:&amp;quot;&amp;quot;},{&amp;quot;id&amp;quot;:4,&amp;quot;employee_name&amp;quot;:&amp;quot;Cedric Kelly&amp;quot;,&amp;quot;employee_salary&amp;quot;:433060,&amp;quot;employee_age&amp;quot;:22,&amp;quot;profile_image&amp;quot;:&amp;quot;&amp;quot;},{&amp;quot;id&amp;quot;:5,&amp;quot;employee_name&amp;quot;:&amp;quot;Airi Satou&amp;quot;,&amp;quot;employee_salary&amp;quot;:162700,&amp;quot;em&amp;quot;[truncated 2061 chars]; line: 1, column: 1]">
      <![CDATA[java.lang.RuntimeException: com.fasterxml.jackson.databind.exc.MismatchedInputException: Cannot deserialize value of type `[Lcom.Tests.Models.ConvertResponseToPojo;` from Object value (token `JsonToken.START_OBJECT`)
 at [Source: (String)"{"status":"success","data":[{"id":1,"employee_name":"Tiger Nixon","employee_salary":320800,"employee_age":61,"profile_image":""},{"id":2,"employee_name":"Garrett Winters","employee_salary":170750,"employee_age":63,"profile_image":""},{"id":3,"employee_name":"Ashton Cox","employee_salary":86000,"employee_age":66,"profile_image":""},{"id":4,"employee_name":"Cedric Kelly","employee_salary":433060,"employee_age":22,"profile_image":""},{"id":5,"employee_name":"Airi Satou","employee_salary":162700,"em"[truncated 2061 chars]; line: 1, column: 1]
at io.restassured.internal.path.json.mapping.JsonPathJackson2ObjectDeserializer.deserialize(JsonPathJackson2ObjectDeserializer.java:30)
at io.restassured.path.json.mapping.JsonPathObjectDeserializer$deserialize.call(Unknown Source)
at org.codehaus.groovy.runtime.callsite.CallSiteArray.defaultCall(CallSiteArray.java:46)
at org.codehaus.groovy.runtime.callsite.AbstractCallSite.call(AbstractCallSite.java:125)
at org.codehaus.groovy.runtime.callsite.AbstractCallSite.call(AbstractCallSite.java:139)
at io.restassured.internal.mapping.Jackson2Mapper.deserialize(Jackson2Mapper.groovy:58)
at io.restassured.mapper.ObjectMapper$deserialize.call(Unknown Source)
at org.codehaus.groovy.runtime.callsite.CallSiteArray.defaultCall(CallSiteArray.java:46)
at org.codehaus.groovy.runtime.callsite.AbstractCallSite.call(AbstractCallSite.java:125)
at org.codehaus.groovy.runtime.callsite.AbstractCallSite.call(AbstractCallSite.java:139)
at io.restassured.internal.mapping.ObjectMapping.parseWithJackson2(ObjectMapping.groovy:254)
at io.restassured.internal.mapping.ObjectMapping$parseWithJackson2$0.callStatic(Unknown Source)
at org.codehaus.groovy.runtime.callsite.CallSiteArray.defaultCallStatic(CallSiteArray.java:54)
at org.codehaus.groovy.runtime.callsite.AbstractCallSite.callStatic(AbstractCallSite.java:217)
at org.codehaus.groovy.runtime.callsite.AbstractCallSite.callStatic(AbstractCallSite.java:240)
at io.restassured.internal.mapping.ObjectMapping.deserialize(ObjectMapping.groovy:56)
at io.restassured.internal.mapping.ObjectMapping$deserialize.call(Unknown Source)
at org.codehaus.groovy.runtime.callsite.CallSiteArray.defaultCall(CallSiteArray.java:46)
at org.codehaus.groovy.runtime.callsite.AbstractCallSite.call(AbstractCallSite.java:125)
at io.restassured.internal.RestAssuredResponseOptionsGroovyImpl.as(RestAssuredResponseOptionsGroovyImpl.groovy:231)
at io.restassured.internal.RestAssuredResponseOptionsImpl.as(RestAssuredResponseOptionsImpl.java:169)
at com.Api_tests.Api_TestCases.TC_01Get(Api_TestCases.java:54)
at java.base/java.util.ArrayList.forEach(ArrayList.java:1511)
Caused by: com.fasterxml.jackson.databind.exc.MismatchedInputException: Cannot deserialize value of type `[Lcom.Tests.Models.ConvertResponseToPojo;` from Object value (token `JsonToken.START_OBJECT`)
 at [Source: (String)"{"status":"success","data":[{"id":1,"employee_name":"Tiger Nixon","employee_salary":320800,"employee_age":61,"profile_image":""},{"id":2,"employee_name":"Garrett Winters","employee_salary":170750,"employee_age":63,"profile_image":""},{"id":3,"employee_name":"Ashton Cox","employee_salary":86000,"employee_age":66,"profile_image":""},{"id":4,"employee_name":"Cedric Kelly","employee_salary":433060,"employee_age":22,"profile_image":""},{"id":5,"employee_name":"Airi Satou","employee_salary":162700,"em"[truncated 2061 chars]; line: 1, column: 1]
at com.fasterxml.jackson.databind.exc.MismatchedInputException.from(MismatchedInputException.java:59)
at com.fasterxml.jackson.databind.DeserializationContext.reportInputMismatch(DeserializationContext.java:1741)
at com.fasterxml.jackson.databind.DeserializationContext.handleUnexpectedToken(DeserializationContext.java:1515)
at com.fasterxml.jackson.databind.DeserializationContext.handleUnexpectedToken(DeserializationContext.java:1462)
at com.fasterxml.jackson.databind.deser.std.ObjectArrayDeserializer.handleNonArray(ObjectArrayDeserializer.java:343)
at com.fasterxml.jackson.databind.deser.std.ObjectArrayDeserializer.deserialize(ObjectArrayDeserializer.java:194)
at com.fasterxml.jackson.databind.deser.std.ObjectArrayDeserializer.deserialize(ObjectArrayDeserializer.java:24)
at com.fasterxml.jackson.databind.deser.DefaultDeserializationContext.readRootValue(DefaultDeserializationContext.java:323)
at com.fasterxml.jackson.databind.ObjectMapper._readMapAndClose(ObjectMapper.java:4674)
at com.fasterxml.jackson.databind.ObjectMapper.readValue(ObjectMapper.java:3629)
at io.restassured.internal.path.json.mapping.JsonPathJackson2ObjectDeserializer.deserialize(JsonPathJackson2ObjectDeserializer.java:28)
... 54 more
... Removed 32 stack frames]]>
    </failure>
  </testcase> <!-- TC_01Get -->
  <testcase classname="com.Api_tests.Api_TestCases" name="TC_02post" time="0.747"/>
  <testcase classname="com.Api_tests.Api_TestCases" name="TC_03delete" time="0.483"/>
  <testcase classname="com.Api_tests.Api_TestCases" name="TC_04delete" time="0.467"/>
  <testcase classname="com.Api_tests.Api_TestCases" name="TC_005Get" time="1.192"/>
</testsuite> <!-- Test -->
